<?xml version="1.0" encoding="UTF-8"?>
<testsuite name="com.github.bloomspes.sample.controllers.CheckEmailControllerTest" tests="3" skipped="0" failures="0" errors="0" timestamp="2023-05-14T11:10:00" hostname="imseulgis-MacBook-Air.local" time="0.086">
  <properties/>
  <testcase name="GET /users?email={email}" classname="com.github.bloomspes.sample.controllers.CheckEmailControllerTest" time="0.075"/>
  <testcase name="GET /users/http-servlet-response?email={email}" classname="com.github.bloomspes.sample.controllers.CheckEmailControllerTest" time="0.004"/>
  <testcase name="GET /users/response-entity?email={email}" classname="com.github.bloomspes.sample.controllers.CheckEmailControllerTest" time="0.005"/>
  <system-out><![CDATA[2023-05-14T20:09:59.834+09:00  INFO 48408 --- [    Test worker] t.c.s.AnnotationConfigContextLoaderUtils : Could not detect default configuration classes for test class [com.github.bloomspes.sample.controllers.CheckEmailControllerTest]: CheckEmailControllerTest does not declare any static, non-private, non-final, nested classes annotated with @Configuration.
2023-05-14T20:09:59.842+09:00  INFO 48408 --- [    Test worker] .b.t.c.SpringBootTestContextBootstrapper : Found @SpringBootConfiguration com.github.bloomspes.sample.SampleApplication for test class com.github.bloomspes.sample.controllers.CheckEmailControllerTest

  .   ____          _            __ _ _
 /\\ / ___'_ __ _ _(_)_ __  __ _ \ \ \ \
( ( )\___ | '_ | '_| | '_ \/ _` | \ \ \ \
 \\/  ___)| |_)| | | | | || (_| |  ) ) ) )
  '  |____| .__|_| |_|_| |_\__, | / / / /
 =========|_|==============|___/=/_/_/_/
 :: Spring Boot ::                (v3.0.6)

2023-05-14T20:09:59.853+09:00  INFO 48408 --- [    Test worker] c.g.b.s.c.CheckEmailControllerTest       : Starting CheckEmailControllerTest using Java 17.0.4.1 with PID 48408 (started by spes in /Volumes/Dev/CodingLife/20230513/spring)
2023-05-14T20:09:59.854+09:00  INFO 48408 --- [    Test worker] c.g.b.s.c.CheckEmailControllerTest       : No active profile set, falling back to 1 default profile: "default"
2023-05-14T20:10:00.291+09:00  INFO 48408 --- [    Test worker] o.s.b.t.m.w.SpringBootMockServletContext : Initializing Spring TestDispatcherServlet ''
2023-05-14T20:10:00.291+09:00  INFO 48408 --- [    Test worker] o.s.t.web.servlet.TestDispatcherServlet  : Initializing Servlet ''
2023-05-14T20:10:00.295+09:00  INFO 48408 --- [    Test worker] o.s.t.web.servlet.TestDispatcherServlet  : Completed initialization in 1 ms
2023-05-14T20:10:00.301+09:00  INFO 48408 --- [    Test worker] c.g.b.s.c.CheckEmailControllerTest       : Started CheckEmailControllerTest in 0.455 seconds (process running for 2.566)
]]></system-out>
  <system-err><![CDATA[]]></system-err>
</testsuite>
