<?xml version="1.0" encoding="UTF-8"?>
<testsuite name="com.github.bloomspes.sample.SampleApplicationTests" tests="1" skipped="0" failures="0" errors="0" timestamp="2023-05-14T11:24:50" hostname="imseulgis-MacBook-Air.local" time="0.001">
  <properties/>
  <testcase name="contextLoads()" classname="com.github.bloomspes.sample.SampleApplicationTests" time="0.001"/>
  <system-out><![CDATA[
  .   ____          _            __ _ _
 /\\ / ___'_ __ _ _(_)_ __  __ _ \ \ \ \
( ( )\___ | '_ | '_| | '_ \/ _` | \ \ \ \
 \\/  ___)| |_)| | | | | || (_| |  ) ) ) )
  '  |____| .__|_| |_|_| |_\__, | / / / /
 =========|_|==============|___/=/_/_/_/
 :: Spring Boot ::                (v3.0.6)

2023-05-14T20:24:49.737+09:00  INFO 49550 --- [    Test worker] c.g.b.sample.SampleApplicationTests      : Starting SampleApplicationTests using Java 17.0.4.1 with PID 49550 (started by spes in /Volumes/Dev/CodingLife/20230513/spring)
2023-05-14T20:24:49.737+09:00  INFO 49550 --- [    Test worker] c.g.b.sample.SampleApplicationTests      : No active profile set, falling back to 1 default profile: "default"
2023-05-14T20:24:49.841+09:00  INFO 49550 --- [    Test worker] .s.d.r.c.RepositoryConfigurationDelegate : Bootstrapping Spring Data JPA repositories in DEFAULT mode.
2023-05-14T20:24:49.858+09:00  INFO 49550 --- [    Test worker] .s.d.r.c.RepositoryConfigurationDelegate : Finished Spring Data repository scanning in 14 ms. Found 1 JPA repository interfaces.
2023-05-14T20:24:49.938+09:00  INFO 49550 --- [    Test worker] com.zaxxer.hikari.HikariDataSource       : HikariPool-1 - Starting...
2023-05-14T20:24:50.041+09:00  INFO 49550 --- [    Test worker] com.zaxxer.hikari.pool.HikariPool        : HikariPool-1 - Added connection org.postgresql.jdbc.PgConnection@5e643402
2023-05-14T20:24:50.042+09:00  INFO 49550 --- [    Test worker] com.zaxxer.hikari.HikariDataSource       : HikariPool-1 - Start completed.
2023-05-14T20:24:50.066+09:00  INFO 49550 --- [    Test worker] o.hibernate.jpa.internal.util.LogHelper  : HHH000204: Processing PersistenceUnitInfo [name: default]
2023-05-14T20:24:50.084+09:00  INFO 49550 --- [    Test worker] org.hibernate.Version                    : HHH000412: Hibernate ORM core version 6.1.7.Final
2023-05-14T20:24:50.160+09:00  INFO 49550 --- [    Test worker] SQL dialect                              : HHH000400: Using dialect: org.hibernate.dialect.PostgreSQLDialect
2023-05-14T20:24:50.382+09:00  INFO 49550 --- [    Test worker] o.h.e.t.j.p.i.JtaPlatformInitiator       : HHH000490: Using JtaPlatform implementation: [org.hibernate.engine.transaction.jta.platform.internal.NoJtaPlatform]
2023-05-14T20:24:50.386+09:00  INFO 49550 --- [    Test worker] j.LocalContainerEntityManagerFactoryBean : Initialized JPA EntityManagerFactory for persistence unit 'default'
2023-05-14T20:24:50.639+09:00  WARN 49550 --- [    Test worker] JpaBaseConfiguration$JpaWebConfiguration : spring.jpa.open-in-view is enabled by default. Therefore, database queries may be performed during view rendering. Explicitly configure spring.jpa.open-in-view to disable this warning
2023-05-14T20:24:50.708+09:00  INFO 49550 --- [    Test worker] c.g.b.sample.SampleApplicationTests      : Started SampleApplicationTests in 0.983 seconds (process running for 2.581)
]]></system-out>
  <system-err><![CDATA[]]></system-err>
</testsuite>
